2014/08/30 16:44:01 [error] [exception.CHttpException.404] exception 'CHttpException' with message 'Unable to resolve the request "images/logoodalys.png".' in C:\Program Files (x86)\Apache Software Foundation\Apache2.2\htdocs\yii\framework\web\CWebApplication.php:286
Stack trace:
#0 C:\Program Files (x86)\Apache Software Foundation\Apache2.2\htdocs\yii\framework\web\CWebApplication.php(141): CWebApplication->runController('images/logoodal...')
#1 C:\Program Files (x86)\Apache Software Foundation\Apache2.2\htdocs\yii\framework\base\CApplication.php(180): CWebApplication->processRequest()
#2 C:\Program Files (x86)\Apache Software Foundation\Apache2.2\htdocs\elemental\index.php(13): CApplication->run()
#3 {main}
REQUEST_URI=/elemental/index.php/images/logoodalys.png
HTTP_REFERER=http://localhost/elemental/index.php/exposicion
---
2014/08/30 16:44:01 [error] [exception.CHttpException.404] exception 'CHttpException' with message 'Unable to resolve the request "images/social/Instagram-icon.png".' in C:\Program Files (x86)\Apache Software Foundation\Apache2.2\htdocs\yii\framework\web\CWebApplication.php:286
Stack trace:
#0 C:\Program Files (x86)\Apache Software Foundation\Apache2.2\htdocs\yii\framework\web\CWebApplication.php(141): CWebApplication->runController('images/social/I...')
#1 C:\Program Files (x86)\Apache Software Foundation\Apache2.2\htdocs\yii\framework\base\CApplication.php(180): CWebApplication->processRequest()
#2 C:\Program Files (x86)\Apache Software Foundation\Apache2.2\htdocs\elemental\index.php(13): CApplication->run()
#3 {main}
REQUEST_URI=/elemental/index.php/images/social/Instagram-icon.png
HTTP_REFERER=http://localhost/elemental/index.php/exposicion
---
2014/08/30 16:44:01 [error] [exception.CHttpException.404] exception 'CHttpException' with message 'Unable to resolve the request "images/social/Twitter-icon.png".' in C:\Program Files (x86)\Apache Software Foundation\Apache2.2\htdocs\yii\framework\web\CWebApplication.php:286
Stack trace:
#0 C:\Program Files (x86)\Apache Software Foundation\Apache2.2\htdocs\yii\framework\web\CWebApplication.php(141): CWebApplication->runController('images/social/T...')
#1 C:\Program Files (x86)\Apache Software Foundation\Apache2.2\htdocs\yii\framework\base\CApplication.php(180): CWebApplication->processRequest()
#2 C:\Program Files (x86)\Apache Software Foundation\Apache2.2\htdocs\elemental\index.php(13): CApplication->run()
#3 {main}
REQUEST_URI=/elemental/index.php/images/social/Twitter-icon.png
HTTP_REFERER=http://localhost/elemental/index.php/exposicion
---
2014/08/30 16:44:01 [error] [exception.CHttpException.404] exception 'CHttpException' with message 'Unable to resolve the request "images/logonuevo.png".' in C:\Program Files (x86)\Apache Software Foundation\Apache2.2\htdocs\yii\framework\web\CWebApplication.php:286
Stack trace:
#0 C:\Program Files (x86)\Apache Software Foundation\Apache2.2\htdocs\yii\framework\web\CWebApplication.php(141): CWebApplication->runController('images/logonuev...')
#1 C:\Program Files (x86)\Apache Software Foundation\Apache2.2\htdocs\yii\framework\base\CApplication.php(180): CWebApplication->processRequest()
#2 C:\Program Files (x86)\Apache Software Foundation\Apache2.2\htdocs\elemental\index.php(13): CApplication->run()
#3 {main}
REQUEST_URI=/elemental/index.php/images/logonuevo.png
HTTP_REFERER=http://localhost/elemental/index.php/exposicion
---
2014/08/30 16:44:01 [error] [exception.CHttpException.404] exception 'CHttpException' with message 'Unable to resolve the request "images/social/Youtube-icon.png".' in C:\Program Files (x86)\Apache Software Foundation\Apache2.2\htdocs\yii\framework\web\CWebApplication.php:286
Stack trace:
#0 C:\Program Files (x86)\Apache Software Foundation\Apache2.2\htdocs\yii\framework\web\CWebApplication.php(141): CWebApplication->runController('images/social/Y...')
#1 C:\Program Files (x86)\Apache Software Foundation\Apache2.2\htdocs\yii\framework\base\CApplication.php(180): CWebApplication->processRequest()
#2 C:\Program Files (x86)\Apache Software Foundation\Apache2.2\htdocs\elemental\index.php(13): CApplication->run()
#3 {main}
REQUEST_URI=/elemental/index.php/images/social/Youtube-icon.png
HTTP_REFERER=http://localhost/elemental/index.php/exposicion
---
2014/08/30 16:44:01 [error] [exception.CHttpException.404] exception 'CHttpException' with message 'Unable to resolve the request "images/social/Facebook-icon.png".' in C:\Program Files (x86)\Apache Software Foundation\Apache2.2\htdocs\yii\framework\web\CWebApplication.php:286
Stack trace:
#0 C:\Program Files (x86)\Apache Software Foundation\Apache2.2\htdocs\yii\framework\web\CWebApplication.php(141): CWebApplication->runController('images/social/F...')
#1 C:\Program Files (x86)\Apache Software Foundation\Apache2.2\htdocs\yii\framework\base\CApplication.php(180): CWebApplication->processRequest()
#2 C:\Program Files (x86)\Apache Software Foundation\Apache2.2\htdocs\elemental\index.php(13): CApplication->run()
#3 {main}
REQUEST_URI=/elemental/index.php/images/social/Facebook-icon.png
HTTP_REFERER=http://localhost/elemental/index.php/exposicion
---
2014/08/30 16:44:01 [error] [exception.CHttpException.404] exception 'CHttpException' with message 'Unable to resolve the request "images/logos2.png".' in C:\Program Files (x86)\Apache Software Foundation\Apache2.2\htdocs\yii\framework\web\CWebApplication.php:286
Stack trace:
#0 C:\Program Files (x86)\Apache Software Foundation\Apache2.2\htdocs\yii\framework\web\CWebApplication.php(141): CWebApplication->runController('images/logos2.p...')
#1 C:\Program Files (x86)\Apache Software Foundation\Apache2.2\htdocs\yii\framework\base\CApplication.php(180): CWebApplication->processRequest()
#2 C:\Program Files (x86)\Apache Software Foundation\Apache2.2\htdocs\elemental\index.php(13): CApplication->run()
#3 {main}
REQUEST_URI=/elemental/index.php/images/logos2.png
HTTP_REFERER=http://localhost/elemental/index.php/exposicion
---
2014/08/30 16:44:04 [error] [exception.CHttpException.404] exception 'CHttpException' with message 'Unable to resolve the request "images/logonuevo.png".' in C:\Program Files (x86)\Apache Software Foundation\Apache2.2\htdocs\yii\framework\web\CWebApplication.php:286
Stack trace:
#0 C:\Program Files (x86)\Apache Software Foundation\Apache2.2\htdocs\yii\framework\web\CWebApplication.php(141): CWebApplication->runController('images/logonuev...')
#1 C:\Program Files (x86)\Apache Software Foundation\Apache2.2\htdocs\yii\framework\base\CApplication.php(180): CWebApplication->processRequest()
#2 C:\Program Files (x86)\Apache Software Foundation\Apache2.2\htdocs\elemental\index.php(13): CApplication->run()
#3 {main}
REQUEST_URI=/elemental/index.php/images/logonuevo.png
---
2014/08/30 16:44:05 [error] [exception.CHttpException.404] exception 'CHttpException' with message 'Unable to resolve the request "images/logoodalys.png".' in C:\Program Files (x86)\Apache Software Foundation\Apache2.2\htdocs\yii\framework\web\CWebApplication.php:286
Stack trace:
#0 C:\Program Files (x86)\Apache Software Foundation\Apache2.2\htdocs\yii\framework\web\CWebApplication.php(141): CWebApplication->runController('images/logoodal...')
#1 C:\Program Files (x86)\Apache Software Foundation\Apache2.2\htdocs\yii\framework\base\CApplication.php(180): CWebApplication->processRequest()
#2 C:\Program Files (x86)\Apache Software Foundation\Apache2.2\htdocs\elemental\index.php(13): CApplication->run()
#3 {main}
REQUEST_URI=/elemental/index.php/images/logoodalys.png
---
2014/08/30 16:44:05 [error] [exception.CHttpException.404] exception 'CHttpException' with message 'Unable to resolve the request "images/social/Facebook-icon.png".' in C:\Program Files (x86)\Apache Software Foundation\Apache2.2\htdocs\yii\framework\web\CWebApplication.php:286
Stack trace:
#0 C:\Program Files (x86)\Apache Software Foundation\Apache2.2\htdocs\yii\framework\web\CWebApplication.php(141): CWebApplication->runController('images/social/F...')
#1 C:\Program Files (x86)\Apache Software Foundation\Apache2.2\htdocs\yii\framework\base\CApplication.php(180): CWebApplication->processRequest()
#2 C:\Program Files (x86)\Apache Software Foundation\Apache2.2\htdocs\elemental\index.php(13): CApplication->run()
#3 {main}
REQUEST_URI=/elemental/index.php/images/social/Facebook-icon.png
---
2014/08/30 16:44:05 [error] [exception.CHttpException.404] exception 'CHttpException' with message 'Unable to resolve the request "images/social/Twitter-icon.png".' in C:\Program Files (x86)\Apache Software Foundation\Apache2.2\htdocs\yii\framework\web\CWebApplication.php:286
Stack trace:
#0 C:\Program Files (x86)\Apache Software Foundation\Apache2.2\htdocs\yii\framework\web\CWebApplication.php(141): CWebApplication->runController('images/social/T...')
#1 C:\Program Files (x86)\Apache Software Foundation\Apache2.2\htdocs\yii\framework\base\CApplication.php(180): CWebApplication->processRequest()
#2 C:\Program Files (x86)\Apache Software Foundation\Apache2.2\htdocs\elemental\index.php(13): CApplication->run()
#3 {main}
REQUEST_URI=/elemental/index.php/images/social/Twitter-icon.png
---
2014/08/30 16:44:05 [error] [exception.CHttpException.404] exception 'CHttpException' with message 'Unable to resolve the request "images/social/Youtube-icon.png".' in C:\Program Files (x86)\Apache Software Foundation\Apache2.2\htdocs\yii\framework\web\CWebApplication.php:286
Stack trace:
#0 C:\Program Files (x86)\Apache Software Foundation\Apache2.2\htdocs\yii\framework\web\CWebApplication.php(141): CWebApplication->runController('images/social/Y...')
#1 C:\Program Files (x86)\Apache Software Foundation\Apache2.2\htdocs\yii\framework\base\CApplication.php(180): CWebApplication->processRequest()
#2 C:\Program Files (x86)\Apache Software Foundation\Apache2.2\htdocs\elemental\index.php(13): CApplication->run()
#3 {main}
REQUEST_URI=/elemental/index.php/images/social/Youtube-icon.png
---
2014/08/30 16:44:05 [error] [exception.CHttpException.404] exception 'CHttpException' with message 'Unable to resolve the request "images/social/Instagram-icon.png".' in C:\Program Files (x86)\Apache Software Foundation\Apache2.2\htdocs\yii\framework\web\CWebApplication.php:286
Stack trace:
#0 C:\Program Files (x86)\Apache Software Foundation\Apache2.2\htdocs\yii\framework\web\CWebApplication.php(141): CWebApplication->runController('images/social/I...')
#1 C:\Program Files (x86)\Apache Software Foundation\Apache2.2\htdocs\yii\framework\base\CApplication.php(180): CWebApplication->processRequest()
#2 C:\Program Files (x86)\Apache Software Foundation\Apache2.2\htdocs\elemental\index.php(13): CApplication->run()
#3 {main}
REQUEST_URI=/elemental/index.php/images/social/Instagram-icon.png
---
2014/08/30 16:44:05 [error] [exception.CHttpException.404] exception 'CHttpException' with message 'Unable to resolve the request "images/logos2.png".' in C:\Program Files (x86)\Apache Software Foundation\Apache2.2\htdocs\yii\framework\web\CWebApplication.php:286
Stack trace:
#0 C:\Program Files (x86)\Apache Software Foundation\Apache2.2\htdocs\yii\framework\web\CWebApplication.php(141): CWebApplication->runController('images/logos2.p...')
#1 C:\Program Files (x86)\Apache Software Foundation\Apache2.2\htdocs\yii\framework\base\CApplication.php(180): CWebApplication->processRequest()
#2 C:\Program Files (x86)\Apache Software Foundation\Apache2.2\htdocs\elemental\index.php(13): CApplication->run()
#3 {main}
REQUEST_URI=/elemental/index.php/images/logos2.png
---
2014/08/30 16:44:21 [error] [exception.CHttpException.404] exception 'CHttpException' with message 'Unable to resolve the request "images/social/Facebook-icon.png".' in C:\Program Files (x86)\Apache Software Foundation\Apache2.2\htdocs\yii\framework\web\CWebApplication.php:286
Stack trace:
#0 C:\Program Files (x86)\Apache Software Foundation\Apache2.2\htdocs\yii\framework\web\CWebApplication.php(141): CWebApplication->runController('images/social/F...')
#1 C:\Program Files (x86)\Apache Software Foundation\Apache2.2\htdocs\yii\framework\base\CApplication.php(180): CWebApplication->processRequest()
#2 C:\Program Files (x86)\Apache Software Foundation\Apache2.2\htdocs\elemental\index.php(13): CApplication->run()
#3 {main}
REQUEST_URI=/elemental/index.php/images/social/Facebook-icon.png
---
2014/08/30 16:44:38 [error] [exception.CHttpException.404] exception 'CHttpException' with message 'The system is unable to find the requested action "images".' in C:\Program Files (x86)\Apache Software Foundation\Apache2.2\htdocs\yii\framework\web\CController.php:483
Stack trace:
#0 C:\Program Files (x86)\Apache Software Foundation\Apache2.2\htdocs\yii\framework\web\CController.php(270): CController->missingAction('images')
#1 C:\Program Files (x86)\Apache Software Foundation\Apache2.2\htdocs\yii\framework\web\CWebApplication.php(282): CController->run('images')
#2 C:\Program Files (x86)\Apache Software Foundation\Apache2.2\htdocs\yii\framework\web\CWebApplication.php(141): CWebApplication->runController('exposicion/imag...')
#3 C:\Program Files (x86)\Apache Software Foundation\Apache2.2\htdocs\yii\framework\base\CApplication.php(180): CWebApplication->processRequest()
#4 C:\Program Files (x86)\Apache Software Foundation\Apache2.2\htdocs\elemental\index.php(13): CApplication->run()
#5 {main}
REQUEST_URI=/elemental/index.php/exposicion/images/logonuevo.png
HTTP_REFERER=http://localhost/elemental/index.php/exposicion/2
---
2014/08/30 16:44:38 [error] [exception.CHttpException.404] exception 'CHttpException' with message 'The system is unable to find the requested action "images".' in C:\Program Files (x86)\Apache Software Foundation\Apache2.2\htdocs\yii\framework\web\CController.php:483
Stack trace:
#0 C:\Program Files (x86)\Apache Software Foundation\Apache2.2\htdocs\yii\framework\web\CController.php(270): CController->missingAction('images')
#1 C:\Program Files (x86)\Apache Software Foundation\Apache2.2\htdocs\yii\framework\web\CWebApplication.php(282): CController->run('images')
#2 C:\Program Files (x86)\Apache Software Foundation\Apache2.2\htdocs\yii\framework\web\CWebApplication.php(141): CWebApplication->runController('exposicion/imag...')
#3 C:\Program Files (x86)\Apache Software Foundation\Apache2.2\htdocs\yii\framework\base\CApplication.php(180): CWebApplication->processRequest()
#4 C:\Program Files (x86)\Apache Software Foundation\Apache2.2\htdocs\elemental\index.php(13): CApplication->run()
#5 {main}
REQUEST_URI=/elemental/index.php/exposicion/images/social/Youtube-icon.png
HTTP_REFERER=http://localhost/elemental/index.php/exposicion/2
---
2014/08/30 16:44:38 [error] [exception.CHttpException.404] exception 'CHttpException' with message 'The system is unable to find the requested action "images".' in C:\Program Files (x86)\Apache Software Foundation\Apache2.2\htdocs\yii\framework\web\CController.php:483
Stack trace:
#0 C:\Program Files (x86)\Apache Software Foundation\Apache2.2\htdocs\yii\framework\web\CController.php(270): CController->missingAction('images')
#1 C:\Program Files (x86)\Apache Software Foundation\Apache2.2\htdocs\yii\framework\web\CWebApplication.php(282): CController->run('images')
#2 C:\Program Files (x86)\Apache Software Foundation\Apache2.2\htdocs\yii\framework\web\CWebApplication.php(141): CWebApplication->runController('exposicion/imag...')
#3 C:\Program Files (x86)\Apache Software Foundation\Apache2.2\htdocs\yii\framework\base\CApplication.php(180): CWebApplication->processRequest()
#4 C:\Program Files (x86)\Apache Software Foundation\Apache2.2\htdocs\elemental\index.php(13): CApplication->run()
#5 {main}
REQUEST_URI=/elemental/index.php/exposicion/images/social/Instagram-icon.png
HTTP_REFERER=http://localhost/elemental/index.php/exposicion/2
---
2014/08/30 16:44:38 [error] [exception.CHttpException.404] exception 'CHttpException' with message 'The system is unable to find the requested action "images".' in C:\Program Files (x86)\Apache Software Foundation\Apache2.2\htdocs\yii\framework\web\CController.php:483
Stack trace:
#0 C:\Program Files (x86)\Apache Software Foundation\Apache2.2\htdocs\yii\framework\web\CController.php(270): CController->missingAction('images')
#1 C:\Program Files (x86)\Apache Software Foundation\Apache2.2\htdocs\yii\framework\web\CWebApplication.php(282): CController->run('images')
#2 C:\Program Files (x86)\Apache Software Foundation\Apache2.2\htdocs\yii\framework\web\CWebApplication.php(141): CWebApplication->runController('exposicion/imag...')
#3 C:\Program Files (x86)\Apache Software Foundation\Apache2.2\htdocs\yii\framework\base\CApplication.php(180): CWebApplication->processRequest()
#4 C:\Program Files (x86)\Apache Software Foundation\Apache2.2\htdocs\elemental\index.php(13): CApplication->run()
#5 {main}
REQUEST_URI=/elemental/index.php/exposicion/images/social/Facebook-icon.png
HTTP_REFERER=http://localhost/elemental/index.php/exposicion/2
---
2014/08/30 16:44:38 [error] [exception.CHttpException.404] exception 'CHttpException' with message 'The system is unable to find the requested action "images".' in C:\Program Files (x86)\Apache Software Foundation\Apache2.2\htdocs\yii\framework\web\CController.php:483
Stack trace:
#0 C:\Program Files (x86)\Apache Software Foundation\Apache2.2\htdocs\yii\framework\web\CController.php(270): CController->missingAction('images')
#1 C:\Program Files (x86)\Apache Software Foundation\Apache2.2\htdocs\yii\framework\web\CWebApplication.php(282): CController->run('images')
#2 C:\Program Files (x86)\Apache Software Foundation\Apache2.2\htdocs\yii\framework\web\CWebApplication.php(141): CWebApplication->runController('exposicion/imag...')
#3 C:\Program Files (x86)\Apache Software Foundation\Apache2.2\htdocs\yii\framework\base\CApplication.php(180): CWebApplication->processRequest()
#4 C:\Program Files (x86)\Apache Software Foundation\Apache2.2\htdocs\elemental\index.php(13): CApplication->run()
#5 {main}
REQUEST_URI=/elemental/index.php/exposicion/images/social/Twitter-icon.png
HTTP_REFERER=http://localhost/elemental/index.php/exposicion/2
---
2014/08/30 16:44:38 [error] [exception.CHttpException.404] exception 'CHttpException' with message 'The system is unable to find the requested action "images".' in C:\Program Files (x86)\Apache Software Foundation\Apache2.2\htdocs\yii\framework\web\CController.php:483
Stack trace:
#0 C:\Program Files (x86)\Apache Software Foundation\Apache2.2\htdocs\yii\framework\web\CController.php(270): CController->missingAction('images')
#1 C:\Program Files (x86)\Apache Software Foundation\Apache2.2\htdocs\yii\framework\web\CWebApplication.php(282): CController->run('images')
#2 C:\Program Files (x86)\Apache Software Foundation\Apache2.2\htdocs\yii\framework\web\CWebApplication.php(141): CWebApplication->runController('exposicion/imag...')
#3 C:\Program Files (x86)\Apache Software Foundation\Apache2.2\htdocs\yii\framework\base\CApplication.php(180): CWebApplication->processRequest()
#4 C:\Program Files (x86)\Apache Software Foundation\Apache2.2\htdocs\elemental\index.php(13): CApplication->run()
#5 {main}
REQUEST_URI=/elemental/index.php/exposicion/images/logoodalys.png
HTTP_REFERER=http://localhost/elemental/index.php/exposicion/2
---
2014/08/30 16:44:38 [error] [exception.CHttpException.404] exception 'CHttpException' with message 'The system is unable to find the requested action "images".' in C:\Program Files (x86)\Apache Software Foundation\Apache2.2\htdocs\yii\framework\web\CController.php:483
Stack trace:
#0 C:\Program Files (x86)\Apache Software Foundation\Apache2.2\htdocs\yii\framework\web\CController.php(270): CController->missingAction('images')
#1 C:\Program Files (x86)\Apache Software Foundation\Apache2.2\htdocs\yii\framework\web\CWebApplication.php(282): CController->run('images')
#2 C:\Program Files (x86)\Apache Software Foundation\Apache2.2\htdocs\yii\framework\web\CWebApplication.php(141): CWebApplication->runController('exposicion/imag...')
#3 C:\Program Files (x86)\Apache Software Foundation\Apache2.2\htdocs\yii\framework\base\CApplication.php(180): CWebApplication->processRequest()
#4 C:\Program Files (x86)\Apache Software Foundation\Apache2.2\htdocs\elemental\index.php(13): CApplication->run()
#5 {main}
REQUEST_URI=/elemental/index.php/exposicion/images/logos2.png
HTTP_REFERER=http://localhost/elemental/index.php/exposicion/2
---
2014/08/30 16:44:39 [error] [exception.CHttpException.404] exception 'CHttpException' with message 'The system is unable to find the requested action "images".' in C:\Program Files (x86)\Apache Software Foundation\Apache2.2\htdocs\yii\framework\web\CController.php:483
Stack trace:
#0 C:\Program Files (x86)\Apache Software Foundation\Apache2.2\htdocs\yii\framework\web\CController.php(270): CController->missingAction('images')
#1 C:\Program Files (x86)\Apache Software Foundation\Apache2.2\htdocs\yii\framework\web\CWebApplication.php(282): CController->run('images')
#2 C:\Program Files (x86)\Apache Software Foundation\Apache2.2\htdocs\yii\framework\web\CWebApplication.php(141): CWebApplication->runController('exposicion/imag...')
#3 C:\Program Files (x86)\Apache Software Foundation\Apache2.2\htdocs\yii\framework\base\CApplication.php(180): CWebApplication->processRequest()
#4 C:\Program Files (x86)\Apache Software Foundation\Apache2.2\htdocs\elemental\index.php(13): CApplication->run()
#5 {main}
REQUEST_URI=/elemental/index.php/exposicion/images/logonuevo.png
---
2014/08/30 16:44:39 [error] [exception.CHttpException.404] exception 'CHttpException' with message 'The system is unable to find the requested action "images".' in C:\Program Files (x86)\Apache Software Foundation\Apache2.2\htdocs\yii\framework\web\CController.php:483
Stack trace:
#0 C:\Program Files (x86)\Apache Software Foundation\Apache2.2\htdocs\yii\framework\web\CController.php(270): CController->missingAction('images')
#1 C:\Program Files (x86)\Apache Software Foundation\Apache2.2\htdocs\yii\framework\web\CWebApplication.php(282): CController->run('images')
#2 C:\Program Files (x86)\Apache Software Foundation\Apache2.2\htdocs\yii\framework\web\CWebApplication.php(141): CWebApplication->runController('exposicion/imag...')
#3 C:\Program Files (x86)\Apache Software Foundation\Apache2.2\htdocs\yii\framework\base\CApplication.php(180): CWebApplication->processRequest()
#4 C:\Program Files (x86)\Apache Software Foundation\Apache2.2\htdocs\elemental\index.php(13): CApplication->run()
#5 {main}
REQUEST_URI=/elemental/index.php/exposicion/images/logoodalys.png
---
2014/08/30 16:44:39 [error] [exception.CHttpException.404] exception 'CHttpException' with message 'The system is unable to find the requested action "images".' in C:\Program Files (x86)\Apache Software Foundation\Apache2.2\htdocs\yii\framework\web\CController.php:483
Stack trace:
#0 C:\Program Files (x86)\Apache Software Foundation\Apache2.2\htdocs\yii\framework\web\CController.php(270): CController->missingAction('images')
#1 C:\Program Files (x86)\Apache Software Foundation\Apache2.2\htdocs\yii\framework\web\CWebApplication.php(282): CController->run('images')
#2 C:\Program Files (x86)\Apache Software Foundation\Apache2.2\htdocs\yii\framework\web\CWebApplication.php(141): CWebApplication->runController('exposicion/imag...')
#3 C:\Program Files (x86)\Apache Software Foundation\Apache2.2\htdocs\yii\framework\base\CApplication.php(180): CWebApplication->processRequest()
#4 C:\Program Files (x86)\Apache Software Foundation\Apache2.2\htdocs\elemental\index.php(13): CApplication->run()
#5 {main}
REQUEST_URI=/elemental/index.php/exposicion/images/social/Facebook-icon.png
---
2014/08/30 16:44:39 [error] [exception.CHttpException.404] exception 'CHttpException' with message 'The system is unable to find the requested action "images".' in C:\Program Files (x86)\Apache Software Foundation\Apache2.2\htdocs\yii\framework\web\CController.php:483
Stack trace:
#0 C:\Program Files (x86)\Apache Software Foundation\Apache2.2\htdocs\yii\framework\web\CController.php(270): CController->missingAction('images')
#1 C:\Program Files (x86)\Apache Software Foundation\Apache2.2\htdocs\yii\framework\web\CWebApplication.php(282): CController->run('images')
#2 C:\Program Files (x86)\Apache Software Foundation\Apache2.2\htdocs\yii\framework\web\CWebApplication.php(141): CWebApplication->runController('exposicion/imag...')
#3 C:\Program Files (x86)\Apache Software Foundation\Apache2.2\htdocs\yii\framework\base\CApplication.php(180): CWebApplication->processRequest()
#4 C:\Program Files (x86)\Apache Software Foundation\Apache2.2\htdocs\elemental\index.php(13): CApplication->run()
#5 {main}
REQUEST_URI=/elemental/index.php/exposicion/images/social/Twitter-icon.png
---
2014/08/30 16:44:39 [error] [exception.CHttpException.404] exception 'CHttpException' with message 'The system is unable to find the requested action "images".' in C:\Program Files (x86)\Apache Software Foundation\Apache2.2\htdocs\yii\framework\web\CController.php:483
Stack trace:
#0 C:\Program Files (x86)\Apache Software Foundation\Apache2.2\htdocs\yii\framework\web\CController.php(270): CController->missingAction('images')
#1 C:\Program Files (x86)\Apache Software Foundation\Apache2.2\htdocs\yii\framework\web\CWebApplication.php(282): CController->run('images')
#2 C:\Program Files (x86)\Apache Software Foundation\Apache2.2\htdocs\yii\framework\web\CWebApplication.php(141): CWebApplication->runController('exposicion/imag...')
#3 C:\Program Files (x86)\Apache Software Foundation\Apache2.2\htdocs\yii\framework\base\CApplication.php(180): CWebApplication->processRequest()
#4 C:\Program Files (x86)\Apache Software Foundation\Apache2.2\htdocs\elemental\index.php(13): CApplication->run()
#5 {main}
REQUEST_URI=/elemental/index.php/exposicion/images/social/Youtube-icon.png
---
2014/08/30 16:44:39 [error] [exception.CHttpException.404] exception 'CHttpException' with message 'The system is unable to find the requested action "images".' in C:\Program Files (x86)\Apache Software Foundation\Apache2.2\htdocs\yii\framework\web\CController.php:483
Stack trace:
#0 C:\Program Files (x86)\Apache Software Foundation\Apache2.2\htdocs\yii\framework\web\CController.php(270): CController->missingAction('images')
#1 C:\Program Files (x86)\Apache Software Foundation\Apache2.2\htdocs\yii\framework\web\CWebApplication.php(282): CController->run('images')
#2 C:\Program Files (x86)\Apache Software Foundation\Apache2.2\htdocs\yii\framework\web\CWebApplication.php(141): CWebApplication->runController('exposicion/imag...')
#3 C:\Program Files (x86)\Apache Software Foundation\Apache2.2\htdocs\yii\framework\base\CApplication.php(180): CWebApplication->processRequest()
#4 C:\Program Files (x86)\Apache Software Foundation\Apache2.2\htdocs\elemental\index.php(13): CApplication->run()
#5 {main}
REQUEST_URI=/elemental/index.php/exposicion/images/social/Instagram-icon.png
---
2014/08/30 16:44:39 [error] [exception.CHttpException.404] exception 'CHttpException' with message 'The system is unable to find the requested action "images".' in C:\Program Files (x86)\Apache Software Foundation\Apache2.2\htdocs\yii\framework\web\CController.php:483
Stack trace:
#0 C:\Program Files (x86)\Apache Software Foundation\Apache2.2\htdocs\yii\framework\web\CController.php(270): CController->missingAction('images')
#1 C:\Program Files (x86)\Apache Software Foundation\Apache2.2\htdocs\yii\framework\web\CWebApplication.php(282): CController->run('images')
#2 C:\Program Files (x86)\Apache Software Foundation\Apache2.2\htdocs\yii\framework\web\CWebApplication.php(141): CWebApplication->runController('exposicion/imag...')
#3 C:\Program Files (x86)\Apache Software Foundation\Apache2.2\htdocs\yii\framework\base\CApplication.php(180): CWebApplication->processRequest()
#4 C:\Program Files (x86)\Apache Software Foundation\Apache2.2\htdocs\elemental\index.php(13): CApplication->run()
#5 {main}
REQUEST_URI=/elemental/index.php/exposicion/images/logos2.png
---
2014/08/30 16:46:06 [error] [exception.CHttpException.404] exception 'CHttpException' with message 'Unable to resolve the request "images/logoodalys.png".' in C:\Program Files (x86)\Apache Software Foundation\Apache2.2\htdocs\yii\framework\web\CWebApplication.php:286
Stack trace:
#0 C:\Program Files (x86)\Apache Software Foundation\Apache2.2\htdocs\yii\framework\web\CWebApplication.php(141): CWebApplication->runController('images/logoodal...')
#1 C:\Program Files (x86)\Apache Software Foundation\Apache2.2\htdocs\yii\framework\base\CApplication.php(180): CWebApplication->processRequest()
#2 C:\Program Files (x86)\Apache Software Foundation\Apache2.2\htdocs\elemental\index.php(13): CApplication->run()
#3 {main}
REQUEST_URI=/elemental/index.php/images/logoodalys.png
HTTP_REFERER=http://localhost/elemental/index.php/exposicion
---
2014/08/30 16:57:53 [error] [exception.CHttpException.404] exception 'CHttpException' with message 'Unable to resolve the request "admin/login".' in C:\Program Files (x86)\Apache Software Foundation\Apache2.2\htdocs\yii\framework\web\CWebApplication.php:286
Stack trace:
#0 C:\Program Files (x86)\Apache Software Foundation\Apache2.2\htdocs\yii\framework\web\CWebApplication.php(141): CWebApplication->runController('admin/login')
#1 C:\Program Files (x86)\Apache Software Foundation\Apache2.2\htdocs\yii\framework\base\CApplication.php(180): CWebApplication->processRequest()
#2 C:\Program Files (x86)\Apache Software Foundation\Apache2.2\htdocs\elemental\index.php(13): CApplication->run()
#3 {main}
REQUEST_URI=/elemental/index.php/admin/login
---
